<?xml version="1.0" encoding="UTF-8"?>
<testng-results ignored="0" total="6" passed="6" failed="0" skipped="0">
  <reporter-output>
  </reporter-output>
  <suite started-at="2024-11-27T20:23:14 IST" name="Default suite" finished-at="2024-11-27T20:23:51 IST" duration-ms="36647">
    <groups>
    </groups>
    <test started-at="2024-11-27T20:23:14 IST" name="Default test" finished-at="2024-11-27T20:23:51 IST" duration-ms="36647">
      <class name="fitpeoAutomation.test">
        <test-method is-config="true" signature="setup()[pri:0, instance:fitpeoAutomation.test@4be29ed9]" started-at="2024-11-27T20:23:14 IST" name="setup" finished-at="2024-11-27T20:23:18 IST" duration-ms="3850" status="PASS">
          <reporter-output>
          </reporter-output>
        </test-method> <!-- setup -->
        <test-method signature="navigateToFitpeo()[pri:1, instance:fitpeoAutomation.test@4be29ed9]" started-at="2024-11-27T20:23:18 IST" name="navigateToFitpeo" finished-at="2024-11-27T20:23:24 IST" duration-ms="5864" status="PASS">
          <reporter-output>
          </reporter-output>
        </test-method> <!-- navigateToFitpeo -->
        <test-method signature="navigateToRevenueCalculator()[pri:2, instance:fitpeoAutomation.test@4be29ed9]" started-at="2024-11-27T20:23:24 IST" name="navigateToRevenueCalculator" finished-at="2024-11-27T20:23:25 IST" duration-ms="1248" status="PASS">
          <reporter-output>
          </reporter-output>
        </test-method> <!-- navigateToRevenueCalculator -->
        <test-method signature="scrollToSliderAdjustSliderValue()[pri:3, instance:fitpeoAutomation.test@4be29ed9]" started-at="2024-11-27T20:23:25 IST" name="scrollToSliderAdjustSliderValue" finished-at="2024-11-27T20:23:49 IST" duration-ms="23832" status="PASS">
          <reporter-output>
          </reporter-output>
        </test-method> <!-- scrollToSliderAdjustSliderValue -->
        <test-method signature="updateTextField()[pri:4, instance:fitpeoAutomation.test@4be29ed9]" started-at="2024-11-27T20:23:49 IST" name="updateTextField" finished-at="2024-11-27T20:23:50 IST" duration-ms="369" status="PASS">
          <reporter-output>
          </reporter-output>
        </test-method> <!-- updateTextField -->
        <test-method signature="selectCPTCodes()[pri:5, instance:fitpeoAutomation.test@4be29ed9]" started-at="2024-11-27T20:23:50 IST" name="selectCPTCodes" finished-at="2024-11-27T20:23:50 IST" duration-ms="516" status="PASS">
          <reporter-output>
          </reporter-output>
        </test-method> <!-- selectCPTCodes -->
        <test-method signature="validateTotalRecurringReimbursement()[pri:6, instance:fitpeoAutomation.test@4be29ed9]" started-at="2024-11-27T20:23:50 IST" name="validateTotalRecurringReimbursement" finished-at="2024-11-27T20:23:51 IST" duration-ms="606" status="PASS">
          <reporter-output>
          </reporter-output>
        </test-method> <!-- validateTotalRecurringReimbursement -->
        <test-method is-config="true" signature="tearDown()[pri:0, instance:fitpeoAutomation.test@4be29ed9]" started-at="2024-11-27T20:23:51 IST" name="tearDown" finished-at="2024-11-27T20:23:51 IST" duration-ms="233" status="PASS">
          <reporter-output>
          </reporter-output>
        </test-method> <!-- tearDown -->
      </class> <!-- fitpeoAutomation.test -->
    </test> <!-- Default test -->
  </suite> <!-- Default suite -->
</testng-results>
